<?xml version="1.0" encoding="UTF-8"?>
<!-- Generated by org.testng.reporters.JUnitXMLReporter -->
<testsuite hostname="DESKTOP-T22QK0I" ignored="0" name="Test" tests="1" failures="1" timestamp="2020-08-24T20:15:23 IST" time="0.046" errors="0">
  <testcase name="search_item" time="0.0" classname="TestCases.testmain">
    <failure type="org.testng.TestNGException" message="
Parameter &amp;apos;browser&amp;apos; is required by @Test on method search_item but has not been marked @Optional or defined
in C:\Users\namit\Documents\Linked in learning\Eclipse\mavendemo\src\test\resources\MavenPOMTestNG.xml">
      <![CDATA[org.testng.TestNGException: 
Parameter 'browser' is required by @Test on method search_item but has not been marked @Optional or defined
in C:\Users\namit\Documents\Linked in learning\Eclipse\mavendemo\src\test\resources\MavenPOMTestNG.xml
at java.util.ArrayList.forEach(Unknown Source)
... Removed 26 stack frames]]>
    </failure>
  </testcase> <!-- search_item -->
</testsuite> <!-- Test -->
